TN:
SF:app\app.js
FN:11,(anonymous_0)
FN:28,(anonymous_1)
FN:78,(anonymous_2)
FNF:3
FNH:3
FNDA:1,(anonymous_0)
FNDA:63,(anonymous_1)
FNDA:1,(anonymous_2)
DA:1,1
DA:2,1
DA:3,1
DA:4,1
DA:5,1
DA:7,1
DA:8,1
DA:11,1
DA:12,1
DA:13,1
DA:14,1
DA:16,1
DA:17,1
DA:19,1
DA:20,1
DA:22,1
DA:23,1
DA:24,1
DA:25,1
DA:26,1
DA:28,1
DA:29,63
DA:31,63
DA:32,63
DA:33,63
DA:34,63
DA:35,63
DA:37,63
DA:38,23
DA:39,23
DA:40,1
DA:42,23
DA:43,1
DA:46,40
DA:47,1
DA:50,39
DA:52,39
DA:57,39
DA:58,39
DA:59,39
DA:61,39
DA:62,39
DA:64,39
DA:65,38
DA:70,1
DA:72,0
DA:73,0
DA:78,1
DA:79,1
LF:49
LH:47
BRDA:37,0,0,23
BRDA:37,0,1,40
BRDA:37,1,0,63
BRDA:37,1,1,41
BRDA:39,2,0,1
BRDA:39,2,1,22
BRDA:42,3,0,1
BRDA:42,3,1,22
BRDA:46,4,0,1
BRDA:46,4,1,39
BRDA:50,5,0,39
BRDA:50,5,1,1
BRDA:64,6,0,38
BRDA:64,6,1,1
BRF:14
BRH:14
end_of_record
TN:
SF:app\converterVencimento.js
FN:2,codigoParaMes
FN:11,converterVencimento
FNF:2
FNH:2
FNDA:38,codigoParaMes
FNDA:63,converterVencimento
DA:3,38
DA:8,38
DA:12,63
DA:13,63
DA:14,38
DA:15,38
DA:16,38
DA:18,25
DA:21,1
LF:9
LH:9
BRDA:8,0,0,38
BRDA:8,0,1,0
BRDA:13,1,0,38
BRDA:13,1,1,25
BRF:4
BRH:3
end_of_record
TN:
SF:app\datas.js
FN:16,isFeriado
FN:22,stringToDate
FN:33,diaTrabalhoTotal
FN:54,dateToString
FN:62,corrigirVencimento
FNF:5
FNH:5
FNDA:5323,isFeriado
FNDA:155,stringToDate
FNDA:39,diaTrabalhoTotal
FNDA:5361,dateToString
FNDA:39,corrigirVencimento
DA:1,1
DA:12,1
DA:17,5323
DA:23,155
DA:24,154
DA:25,154
DA:27,1
DA:34,39
DA:37,39
DA:38,39
DA:39,38
DA:41,38
DA:42,5256
DA:43,3613
DA:46,38
DA:49,1
DA:55,5361
DA:56,5361
DA:57,5361
DA:58,5361
DA:63,39
DA:64,39
DA:65,39
DA:66,67
DA:67,38
DA:70,1
DA:73,1
LF:27
LH:27
BRDA:23,0,0,154
BRDA:23,0,1,1
BRDA:38,1,0,38
BRDA:38,1,1,1
BRDA:42,2,0,3613
BRDA:42,2,1,1643
BRDA:42,3,0,5256
BRDA:42,3,1,5082
BRDA:42,3,2,4348
BRDA:66,4,0,38
BRDA:66,4,1,29
BRDA:66,5,0,67
BRDA:66,5,1,51
BRDA:66,5,2,46
BRF:14
BRH:14
end_of_record
TN:
SF:test\test.api.js
FN:5,(anonymous_0)
FN:6,(anonymous_1)
FN:18,(anonymous_2)
FNF:3
FNH:3
FNDA:1,(anonymous_0)
FNDA:1,(anonymous_1)
FNDA:38,(anonymous_2)
DA:1,1
DA:2,1
DA:3,1
DA:5,1
DA:6,1
DA:7,1
DA:9,1
DA:15,1
DA:18,1
DA:19,38
DA:20,38
DA:21,38
DA:22,38
DA:23,38
DA:24,38
DA:25,38
LF:16
LH:16
BRF:0
BRH:0
end_of_record
